[0.254s] DEBUG:colcon:Command line arguments: ['/usr/bin/colcon', 'build']
[0.255s] DEBUG:colcon:Parsed command line arguments: Namespace(allow_overriding=[], ament_cmake_args=None, base_paths=['.'], build_base='build', catkin_cmake_args=None, catkin_skip_building_tests=False, cmake_args=None, cmake_clean_cache=False, cmake_clean_first=False, cmake_force_configure=False, cmake_target=None, cmake_target_skip_unavailable=False, continue_on_error=False, event_handlers=None, executor='parallel', ignore_user_meta=False, install_base='install', log_base=None, log_level=None, main=<bound method BuildVerb.main of <colcon_core.verb.build.BuildVerb object at 0x7fe7fff655e0>>, merge_install=False, metas=['./colcon.meta'], packages_above=None, packages_above_and_dependencies=None, packages_above_depth=None, packages_end=None, packages_ignore=None, packages_ignore_regex=None, packages_select=None, packages_select_build_failed=False, packages_select_by_dep=None, packages_select_regex=None, packages_select_test_failures=False, packages_skip=None, packages_skip_build_finished=False, packages_skip_by_dep=None, packages_skip_regex=None, packages_skip_test_passed=False, packages_skip_up_to=None, packages_start=None, packages_up_to=None, packages_up_to_regex=None, parallel_workers=16, paths=None, symlink_install=False, test_result_base=None, verb_extension=<colcon_core.verb.build.BuildVerb object at 0x7fe7fff655e0>, verb_name='build', verb_parser=<colcon_defaults.argument_parser.defaults.DefaultArgumentsDecorator object at 0x7fe7fff65b20>)
[0.273s] Level 1:colcon.colcon_core.package_discovery:discover_packages(colcon_meta) check parameters
[0.274s] Level 1:colcon.colcon_core.package_discovery:discover_packages(recursive) check parameters
[0.274s] Level 1:colcon.colcon_core.package_discovery:discover_packages(ignore) check parameters
[0.274s] Level 1:colcon.colcon_core.package_discovery:discover_packages(path) check parameters
[0.274s] Level 1:colcon.colcon_core.package_discovery:discover_packages(colcon_meta) discover
[0.274s] Level 1:colcon.colcon_core.package_discovery:discover_packages(recursive) discover
[0.274s] INFO:colcon.colcon_core.package_discovery:Crawling recursively for packages in '/home/nevil/DTEK2084-open-project/src/DTEK2084-open-project'
[0.274s] Level 1:colcon.colcon_core.package_identification:_identify(.) by extensions ['ignore', 'ignore_ament_install']
[0.274s] Level 1:colcon.colcon_core.package_identification:_identify(.) by extension 'ignore'
[0.274s] Level 1:colcon.colcon_core.package_identification:_identify(.) by extension 'ignore_ament_install'
[0.274s] Level 1:colcon.colcon_core.package_identification:_identify(.) by extensions ['colcon_pkg']
[0.274s] Level 1:colcon.colcon_core.package_identification:_identify(.) by extension 'colcon_pkg'
[0.274s] Level 1:colcon.colcon_core.package_identification:_identify(.) by extensions ['colcon_meta']
[0.274s] Level 1:colcon.colcon_core.package_identification:_identify(.) by extension 'colcon_meta'
[0.274s] Level 1:colcon.colcon_core.package_identification:_identify(.) by extensions ['ros']
[0.274s] Level 1:colcon.colcon_core.package_identification:_identify(.) by extension 'ros'
[0.293s] Level 1:colcon.colcon_core.package_identification:_identify(.) by extensions ['cmake', 'python']
[0.293s] Level 1:colcon.colcon_core.package_identification:_identify(.) by extension 'cmake'
[0.293s] Level 1:colcon.colcon_core.package_identification:_identify(.) by extension 'python'
[0.293s] Level 1:colcon.colcon_core.package_identification:_identify(.) by extensions ['python_setup_py']
[0.293s] Level 1:colcon.colcon_core.package_identification:_identify(.) by extension 'python_setup_py'
[0.293s] Level 1:colcon.colcon_core.package_identification:_identify(build) by extensions ['ignore', 'ignore_ament_install']
[0.294s] Level 1:colcon.colcon_core.package_identification:_identify(build) by extension 'ignore'
[0.294s] Level 1:colcon.colcon_core.package_identification:_identify(build) ignored
[0.294s] Level 1:colcon.colcon_core.package_identification:_identify(formation_control) by extensions ['ignore', 'ignore_ament_install']
[0.294s] Level 1:colcon.colcon_core.package_identification:_identify(formation_control) by extension 'ignore'
[0.294s] Level 1:colcon.colcon_core.package_identification:_identify(formation_control) by extension 'ignore_ament_install'
[0.294s] Level 1:colcon.colcon_core.package_identification:_identify(formation_control) by extensions ['colcon_pkg']
[0.294s] Level 1:colcon.colcon_core.package_identification:_identify(formation_control) by extension 'colcon_pkg'
[0.294s] Level 1:colcon.colcon_core.package_identification:_identify(formation_control) by extensions ['colcon_meta']
[0.294s] Level 1:colcon.colcon_core.package_identification:_identify(formation_control) by extension 'colcon_meta'
[0.294s] Level 1:colcon.colcon_core.package_identification:_identify(formation_control) by extensions ['ros']
[0.294s] Level 1:colcon.colcon_core.package_identification:_identify(formation_control) by extension 'ros'
[0.297s] DEBUG:colcon.colcon_core.package_identification:Package 'formation_control' with type 'ros.ament_python' and name 'formation_control'
[0.297s] Level 1:colcon.colcon_core.package_identification:_identify(install) by extensions ['ignore', 'ignore_ament_install']
[0.297s] Level 1:colcon.colcon_core.package_identification:_identify(install) by extension 'ignore'
[0.297s] Level 1:colcon.colcon_core.package_identification:_identify(install) ignored
[0.297s] Level 1:colcon.colcon_core.package_identification:_identify(log) by extensions ['ignore', 'ignore_ament_install']
[0.298s] Level 1:colcon.colcon_core.package_identification:_identify(log) by extension 'ignore'
[0.298s] Level 1:colcon.colcon_core.package_identification:_identify(log) ignored
[0.298s] Level 1:colcon.colcon_core.package_discovery:discover_packages(recursive) using defaults
[0.298s] Level 1:colcon.colcon_core.package_discovery:discover_packages(ignore) discover
[0.298s] Level 1:colcon.colcon_core.package_discovery:discover_packages(ignore) using defaults
[0.298s] Level 1:colcon.colcon_core.package_discovery:discover_packages(path) discover
[0.298s] Level 1:colcon.colcon_core.package_discovery:discover_packages(path) using defaults
[0.317s] Level 1:colcon.colcon_core.package_discovery:discover_packages(prefix_path) check parameters
[0.317s] Level 1:colcon.colcon_core.package_discovery:discover_packages(prefix_path) discover
[0.319s] DEBUG:colcon.colcon_installed_package_information.package_discovery:Found 1 installed packages in /home/nevil/DTEK2084-open-project/install
[0.320s] DEBUG:colcon.colcon_installed_package_information.package_discovery:Found 301 installed packages in /opt/ros/galactic
[0.321s] Level 1:colcon.colcon_core.package_discovery:discover_packages(prefix_path) using defaults
[0.387s] Level 5:colcon.colcon_core.verb:set package 'formation_control' build argument 'cmake_args' from command line to 'None'
[0.387s] Level 5:colcon.colcon_core.verb:set package 'formation_control' build argument 'cmake_target' from command line to 'None'
[0.387s] Level 5:colcon.colcon_core.verb:set package 'formation_control' build argument 'cmake_target_skip_unavailable' from command line to 'False'
[0.387s] Level 5:colcon.colcon_core.verb:set package 'formation_control' build argument 'cmake_clean_cache' from command line to 'False'
[0.387s] Level 5:colcon.colcon_core.verb:set package 'formation_control' build argument 'cmake_clean_first' from command line to 'False'
[0.387s] Level 5:colcon.colcon_core.verb:set package 'formation_control' build argument 'cmake_force_configure' from command line to 'False'
[0.387s] Level 5:colcon.colcon_core.verb:set package 'formation_control' build argument 'ament_cmake_args' from command line to 'None'
[0.387s] Level 5:colcon.colcon_core.verb:set package 'formation_control' build argument 'catkin_cmake_args' from command line to 'None'
[0.387s] Level 5:colcon.colcon_core.verb:set package 'formation_control' build argument 'catkin_skip_building_tests' from command line to 'False'
[0.387s] DEBUG:colcon.colcon_core.verb:Building package 'formation_control' with the following arguments: {'ament_cmake_args': None, 'build_base': '/home/nevil/DTEK2084-open-project/src/DTEK2084-open-project/build/formation_control', 'catkin_cmake_args': None, 'catkin_skip_building_tests': False, 'cmake_args': None, 'cmake_clean_cache': False, 'cmake_clean_first': False, 'cmake_force_configure': False, 'cmake_target': None, 'cmake_target_skip_unavailable': False, 'install_base': '/home/nevil/DTEK2084-open-project/src/DTEK2084-open-project/install/formation_control', 'merge_install': False, 'path': '/home/nevil/DTEK2084-open-project/src/DTEK2084-open-project/formation_control', 'symlink_install': False, 'test_result_base': None}
[0.388s] INFO:colcon.colcon_core.executor:Executing jobs using 'parallel' executor
[0.390s] DEBUG:colcon.colcon_parallel_executor.executor.parallel:run_until_complete
[0.391s] INFO:colcon.colcon_ros.task.ament_python.build:Building ROS package in '/home/nevil/DTEK2084-open-project/src/DTEK2084-open-project/formation_control' with build type 'ament_python'
[0.391s] Level 1:colcon.colcon_core.shell:create_environment_hook('formation_control', 'ament_prefix_path')
[0.394s] INFO:colcon.colcon_core.plugin_system:Skipping extension 'colcon_core.shell.bat': Not used on non-Windows systems
[0.395s] INFO:colcon.colcon_core.shell:Creating environment hook '/home/nevil/DTEK2084-open-project/src/DTEK2084-open-project/install/formation_control/share/formation_control/hook/ament_prefix_path.ps1'
[0.395s] INFO:colcon.colcon_core.shell:Creating environment descriptor '/home/nevil/DTEK2084-open-project/src/DTEK2084-open-project/install/formation_control/share/formation_control/hook/ament_prefix_path.dsv'
[0.395s] INFO:colcon.colcon_core.shell:Creating environment hook '/home/nevil/DTEK2084-open-project/src/DTEK2084-open-project/install/formation_control/share/formation_control/hook/ament_prefix_path.sh'
[0.397s] INFO:colcon.colcon_core.shell:Skip shell extension 'powershell' for command environment: Not usable outside of PowerShell
[0.397s] DEBUG:colcon.colcon_core.shell:Skip shell extension 'dsv' for command environment
[0.597s] INFO:colcon.colcon_core.task.python.build:Building Python package in '/home/nevil/DTEK2084-open-project/src/DTEK2084-open-project/formation_control'
[0.600s] INFO:colcon.colcon_core.shell:Skip shell extension 'powershell' for command environment: Not usable outside of PowerShell
[0.600s] DEBUG:colcon.colcon_core.shell:Skip shell extension 'dsv' for command environment
[0.955s] DEBUG:colcon.colcon_core.event_handler.log_command:Invoking command in '/home/nevil/DTEK2084-open-project/src/DTEK2084-open-project/formation_control': PYTHONPATH=/home/nevil/DTEK2084-open-project/src/DTEK2084-open-project/build/formation_control/prefix_override:/home/nevil/DTEK2084-open-project/src/DTEK2084-open-project/install/formation_control/lib/python3.8/site-packages:${PYTHONPATH} /usr/bin/python3 setup.py egg_info --egg-base ../build/formation_control build --build-base /home/nevil/DTEK2084-open-project/src/DTEK2084-open-project/build/formation_control/build install --record /home/nevil/DTEK2084-open-project/src/DTEK2084-open-project/build/formation_control/install.log --single-version-externally-managed
[1.212s] DEBUG:colcon.colcon_core.event_handler.log_command:Invoked command in '/home/nevil/DTEK2084-open-project/src/DTEK2084-open-project/formation_control' returned '0': PYTHONPATH=/home/nevil/DTEK2084-open-project/src/DTEK2084-open-project/build/formation_control/prefix_override:/home/nevil/DTEK2084-open-project/src/DTEK2084-open-project/install/formation_control/lib/python3.8/site-packages:${PYTHONPATH} /usr/bin/python3 setup.py egg_info --egg-base ../build/formation_control build --build-base /home/nevil/DTEK2084-open-project/src/DTEK2084-open-project/build/formation_control/build install --record /home/nevil/DTEK2084-open-project/src/DTEK2084-open-project/build/formation_control/install.log --single-version-externally-managed
[1.221s] Level 1:colcon.colcon_core.environment:checking '/home/nevil/DTEK2084-open-project/src/DTEK2084-open-project/install/formation_control' for CMake module files
[1.221s] Level 1:colcon.colcon_core.environment:checking '/home/nevil/DTEK2084-open-project/src/DTEK2084-open-project/install/formation_control' for CMake config files
[1.221s] Level 1:colcon.colcon_core.environment:checking '/home/nevil/DTEK2084-open-project/src/DTEK2084-open-project/install/formation_control/lib'
[1.222s] Level 1:colcon.colcon_core.environment:checking '/home/nevil/DTEK2084-open-project/src/DTEK2084-open-project/install/formation_control/bin'
[1.222s] Level 1:colcon.colcon_core.environment:checking '/home/nevil/DTEK2084-open-project/src/DTEK2084-open-project/install/formation_control/lib/pkgconfig/formation_control.pc'
[1.222s] Level 1:colcon.colcon_core.environment:checking '/home/nevil/DTEK2084-open-project/src/DTEK2084-open-project/install/formation_control/lib/python3.8/site-packages'
[1.222s] Level 1:colcon.colcon_core.shell:create_environment_hook('formation_control', 'pythonpath')
[1.223s] INFO:colcon.colcon_core.shell:Creating environment hook '/home/nevil/DTEK2084-open-project/src/DTEK2084-open-project/install/formation_control/share/formation_control/hook/pythonpath.ps1'
[1.223s] INFO:colcon.colcon_core.shell:Creating environment descriptor '/home/nevil/DTEK2084-open-project/src/DTEK2084-open-project/install/formation_control/share/formation_control/hook/pythonpath.dsv'
[1.223s] INFO:colcon.colcon_core.shell:Creating environment hook '/home/nevil/DTEK2084-open-project/src/DTEK2084-open-project/install/formation_control/share/formation_control/hook/pythonpath.sh'
[1.224s] Level 1:colcon.colcon_core.environment:checking '/home/nevil/DTEK2084-open-project/src/DTEK2084-open-project/install/formation_control/bin'
[1.224s] Level 1:colcon.colcon_core.environment:create_environment_scripts_only(formation_control)
[1.225s] INFO:colcon.colcon_core.shell:Creating package script '/home/nevil/DTEK2084-open-project/src/DTEK2084-open-project/install/formation_control/share/formation_control/package.ps1'
[1.225s] INFO:colcon.colcon_core.shell:Creating package descriptor '/home/nevil/DTEK2084-open-project/src/DTEK2084-open-project/install/formation_control/share/formation_control/package.dsv'
[1.226s] INFO:colcon.colcon_core.shell:Creating package script '/home/nevil/DTEK2084-open-project/src/DTEK2084-open-project/install/formation_control/share/formation_control/package.sh'
[1.226s] INFO:colcon.colcon_core.shell:Creating package script '/home/nevil/DTEK2084-open-project/src/DTEK2084-open-project/install/formation_control/share/formation_control/package.bash'
[1.227s] INFO:colcon.colcon_core.shell:Creating package script '/home/nevil/DTEK2084-open-project/src/DTEK2084-open-project/install/formation_control/share/formation_control/package.zsh'
[1.227s] Level 1:colcon.colcon_core.environment:create_file_with_runtime_dependencies(/home/nevil/DTEK2084-open-project/src/DTEK2084-open-project/install/formation_control/share/colcon-core/packages/formation_control)
[1.228s] DEBUG:colcon.colcon_parallel_executor.executor.parallel:closing loop
[1.228s] DEBUG:colcon.colcon_parallel_executor.executor.parallel:loop closed
[1.228s] DEBUG:colcon.colcon_parallel_executor.executor.parallel:run_until_complete finished with '0'
[1.228s] DEBUG:colcon.colcon_core.event_reactor:joining thread
[1.232s] INFO:colcon.colcon_core.plugin_system:Skipping extension 'colcon_notification.desktop_notification.terminal_notifier': Not used on non-Darwin systems
[1.232s] INFO:colcon.colcon_core.plugin_system:Skipping extension 'colcon_notification.desktop_notification.win32': Not used on non-Windows systems
[1.232s] INFO:colcon.colcon_notification.desktop_notification:Sending desktop notification using 'notify2'
[1.263s] DEBUG:colcon.colcon_core.event_reactor:joined thread
[1.266s] INFO:colcon.colcon_core.shell:Creating prefix script '/home/nevil/DTEK2084-open-project/src/DTEK2084-open-project/install/local_setup.ps1'
[1.268s] INFO:colcon.colcon_core.shell:Creating prefix util module '/home/nevil/DTEK2084-open-project/src/DTEK2084-open-project/install/_local_setup_util_ps1.py'
[1.270s] INFO:colcon.colcon_core.shell:Creating prefix chain script '/home/nevil/DTEK2084-open-project/src/DTEK2084-open-project/install/setup.ps1'
[1.273s] INFO:colcon.colcon_core.shell:Creating prefix script '/home/nevil/DTEK2084-open-project/src/DTEK2084-open-project/install/local_setup.sh'
[1.274s] INFO:colcon.colcon_core.shell:Creating prefix util module '/home/nevil/DTEK2084-open-project/src/DTEK2084-open-project/install/_local_setup_util_sh.py'
[1.274s] INFO:colcon.colcon_core.shell:Creating prefix chain script '/home/nevil/DTEK2084-open-project/src/DTEK2084-open-project/install/setup.sh'
[1.277s] INFO:colcon.colcon_core.shell:Creating prefix script '/home/nevil/DTEK2084-open-project/src/DTEK2084-open-project/install/local_setup.bash'
[1.277s] INFO:colcon.colcon_core.shell:Creating prefix chain script '/home/nevil/DTEK2084-open-project/src/DTEK2084-open-project/install/setup.bash'
[1.280s] INFO:colcon.colcon_core.shell:Creating prefix script '/home/nevil/DTEK2084-open-project/src/DTEK2084-open-project/install/local_setup.zsh'
[1.280s] INFO:colcon.colcon_core.shell:Creating prefix chain script '/home/nevil/DTEK2084-open-project/src/DTEK2084-open-project/install/setup.zsh'
